Not searching for unused variables given on the command line.
[36m--[0m The C compiler identification is GNU 9.3.0
[36m--[0m The CXX compiler identification is GNU 9.3.0
[36m--[0m Check for working C compiler: /usr/bin/cc
[36m--[0m Check for working C compiler: /usr/bin/cc -- works
[36m--[0m Detecting C compiler ABI info
[36m--[0m Detecting C compiler ABI info - done
[36m--[0m Detecting C compile features
[36m--[0m Detecting C compile features - done
[36m--[0m Check for working CXX compiler: /usr/bin/c++
[36m--[0m Check for working CXX compiler: /usr/bin/c++ -- works
[36m--[0m Detecting CXX compiler ABI info
[36m--[0m Detecting CXX compiler ABI info - done
[36m--[0m Detecting CXX compile features
[36m--[0m Detecting CXX compile features - done
CMake Deprecation Warning at CMakeLists.txt:7 (cmake_policy):
  The OLD behavior for policy CMP0043 will be removed from a future version
  of CMake.

  The cmake-policies(7) manual explains that the OLD behaviors of all
  policies are deprecated and that a policy should be set to OLD only under
  specific short-term circumstances.  Projects should be ported to the NEW
  behavior and not rely on setting a policy to OLD.


CMake Deprecation Warning at CMakeLists.txt:12 (cmake_policy):
  The OLD behavior for policy CMP0042 will be removed from a future version
  of CMake.

  The cmake-policies(7) manual explains that the OLD behaviors of all
  policies are deprecated and that a policy should be set to OLD only under
  specific short-term circumstances.  Projects should be ported to the NEW
  behavior and not rely on setting a policy to OLD.


[36m--[0m Using CATKIN_DEVEL_PREFIX: /home/renee/interbotix_ws/devel/.private/rtabmap_ros
[36m--[0m Using CMAKE_PREFIX_PATH: /home/renee/interbotix_ws/devel;/opt/ros/noetic
[36m--[0m This workspace overlays: /home/renee/interbotix_ws/devel;/opt/ros/noetic
[36m--[0m Found PythonInterp: /usr/bin/python3 (found suitable version "3.8.10", minimum required is "3")
[36m--[0m Using PYTHON_EXECUTABLE: /usr/bin/python3
[36m--[0m Using Debian Python package layout
[36m--[0m Found PY_em: /usr/lib/python3/dist-packages/em.py
[36m--[0m Using empy: /usr/lib/python3/dist-packages/em.py
[36m--[0m Using CATKIN_ENABLE_TESTING: ON
[36m--[0m Call enable_testing()
[36m--[0m Using CATKIN_TEST_RESULTS_DIR: /home/renee/interbotix_ws/build/rtabmap_ros/test_results
[36m--[0m Forcing gtest/gmock from source, though one was otherwise available.
[36m--[0m Found gtest sources under '/usr/src/googletest': gtests will be built
[36m--[0m Found gmock sources under '/usr/src/googletest': gmock will be built
[36m--[0m Found PythonInterp: /usr/bin/python3 (found version "3.8.10")
[36m--[0m Found Threads: TRUE
[36m--[0m Using Python nosetests: /usr/bin/nosetests3
[36m--[0m catkin 0.8.10
[36m--[0m BUILD_SHARED_LIBS is on
[36m--[0m Using these message generators: gencpp;geneus;genlisp;gennodejs;genpy
[33m[1mCMake Warning[0m at /home/renee/interbotix_ws/src/rtabmap_ros/CMakeLists.txt:31 (find_package):
  By not providing "Findfiducial_msgs.cmake" in CMAKE_MODULE_PATH this
  project has asked CMake to find a package configuration file provided by
  "fiducial_msgs", but CMake did not find one.

  Could not find a package configuration file provided by "fiducial_msgs"
  with any of the following names:

    fiducial_msgsConfig.cmake
    fiducial_msgs-config.cmake

  Add the installation prefix of "fiducial_msgs" to CMAKE_PREFIX_PATH or set
  "fiducial_msgs_DIR" to a directory containing one of the above files.  If
  "fiducial_msgs" provides a separate development package or SDK, be sure it
  has been installed.


[31m[1mCMake Error[0m at /home/renee/interbotix_ws/src/rtabmap_ros/CMakeLists.txt:35 (find_package):
  Could not find a configuration file for package "RTABMap" that is
  compatible with requested version "0.20.18".

  The following configuration files were considered but not accepted:

    /opt/ros/noetic/lib/x86_64-linux-gnu/rtabmap-0.20/RTABMapConfig.cmake, version: 0.20.16



[36m--[0m Configuring incomplete, errors occurred!
See also "/home/renee/interbotix_ws/build/rtabmap_ros/CMakeFiles/CMakeOutput.log".
See also "/home/renee/interbotix_ws/build/rtabmap_ros/CMakeFiles/CMakeError.log".
